<?xml version='1.0' encoding='UTF-8'?>
<testsuite hostname="DESKTOP-PC" name="Test1" tests="11" errors="0" failures="0" skipped="0" time="0.06" timestamp="2025-05-22T19:02:25">
          <properties>
[...]
</properties>
          <testcase classname="Test1" name="showCats.veryLittleCat" time="0.035">
                      
                    </testcase><testcase classname="Test1" name="showCats.littleCat" time="0.004">
                      
                    </testcase><testcase classname="Test1" name="showCats.normalCat" time="0.003">
                      
                    </testcase><testcase classname="Test1" name="showCats.bigCat" time="0.004">
                      
                    </testcase><testcase classname="Test1" name="showCats.veryBigCat" time="0.004">
                      
                    </testcase><testcase classname="Test1" name="showBox.emptyBox" time="0.006">
                      
                    </testcase><testcase classname="Test1" name="showBox.catInBox.veryLittleCat" time="0.002">
                      
                    </testcase><testcase classname="Test1" name="showBox.catInBox.littleCat" time="0.001">
                      
                    </testcase><testcase classname="Test1" name="showBox.catInBox.normalCat" time="0.001">
                      
                    </testcase><testcase classname="Test1" name="showBox.catInBox.bigCat" time="0.0">
                      
                    </testcase><testcase classname="Test1" name="showBox.catInBox.veryBigCat" time="0.0">
                      
                    </testcase>
          <system-out><![CDATA[]]></system-out>
          <system-err><![CDATA[]]></system-err>
        </testsuite>