<?xml version='1.0' encoding='UTF-8'?>
<testsuite hostname="DESKTOP-72M78R0" name="Test4" tests="8" errors="0" failures="0" skipped="0" time="0.028" timestamp="2025-04-25T17:43:19">
          <properties>
[...]
</properties>
          <testcase classname="Test4" name="leftIdentityLow" time="0.019">
                      
                    </testcase><testcase classname="Test4" name="rightIdentityLow" time="0.0">
                      
                    </testcase><testcase classname="Test4" name="associativityLow" time="0.001">
                      
                    </testcase><testcase classname="Test4" name="usage.simpleUsage" time="0.004">
                      
                    </testcase><testcase classname="Test4" name="usage.errorUsage" time="0.001">
                      
                    </testcase><testcase classname="Test4" name="usage.possibleErrorUsage" time="0.001">
                      
                    </testcase><testcase classname="Test4" name="usage.recoverErrorUsage" time="0.001">
                      
                    </testcase><testcase classname="Test4" name="usage.skippingErrorStopsEvaluation" time="0.001">
                      
                    </testcase>
          <system-out><![CDATA[]]></system-out>
          <system-err><![CDATA[]]></system-err>
        </testsuite>