<?xml version='1.0' encoding='UTF-8'?>
<testsuite hostname="HOME-PC" name="Tests" tests="6" errors="0" failures="0" skipped="0" time="0.498" timestamp="2025-05-18T01:10:47">
          <properties>
[...]
</properties>
          <testcase classname="Tests" name="tests - third task test1" time="0.108">
                      
                    </testcase><testcase classname="Tests" name="tests - firstTask test good" time="0.108">
                      
                    </testcase><testcase classname="Tests" name="tests - firstTask test fail" time="0.109">
                      
                    </testcase><testcase classname="Tests" name="tests - second task test" time="0.107">
                      
                    </testcase><testcase classname="Tests" name="tests - third task test2" time="0.031">
                      
                    </testcase><testcase classname="Tests" name="tests - third task test3" time="0.035">
                      
                    </testcase>
          <system-out><![CDATA[]]></system-out>
          <system-err><![CDATA[]]></system-err>
        </testsuite>